Determining if the pthread_create exist failed with the following output:
Change Dir: /var/lib/cloud9/Robotics_Cape_Installer/catkin_ws/build/CMakeFiles/CMakeTmp

Run Build Command:"/usr/bin/make" "cmTC_288a8/fast"
/usr/bin/make -f CMakeFiles/cmTC_288a8.dir/build.make CMakeFiles/cmTC_288a8.dir/build
make[1]: Entering directory '/var/lib/cloud9/Robotics_Cape_Installer/catkin_ws/build/CMakeFiles/CMakeTmp'
Building C object CMakeFiles/cmTC_288a8.dir/CheckSymbolExists.c.o
/usr/bin/cc     -o CMakeFiles/cmTC_288a8.dir/CheckSymbolExists.c.o   -c /var/lib/cloud9/Robotics_Cape_Installer/catkin_ws/build/CMakeFiles/CMakeTmp/CheckSymbolExists.c
Linking C executable cmTC_288a8
/usr/bin/cmake -E cmake_link_script CMakeFiles/cmTC_288a8.dir/link.txt --verbose=1
/usr/bin/cc       CMakeFiles/cmTC_288a8.dir/CheckSymbolExists.c.o  -o cmTC_288a8 -rdynamic 
CMakeFiles/cmTC_288a8.dir/CheckSymbolExists.c.o: In function `main':
CheckSymbolExists.c:(.text+0xe): undefined reference to `pthread_create'
CheckSymbolExists.c:(.text+0x12): undefined reference to `pthread_create'
collect2: error: ld returned 1 exit status
CMakeFiles/cmTC_288a8.dir/build.make:97: recipe for target 'cmTC_288a8' failed
make[1]: *** [cmTC_288a8] Error 1
make[1]: Leaving directory '/var/lib/cloud9/Robotics_Cape_Installer/catkin_ws/build/CMakeFiles/CMakeTmp'
Makefile:126: recipe for target 'cmTC_288a8/fast' failed
make: *** [cmTC_288a8/fast] Error 2

File /var/lib/cloud9/Robotics_Cape_Installer/catkin_ws/build/CMakeFiles/CMakeTmp/CheckSymbolExists.c:
/* */
#include <pthread.h>

int main(int argc, char** argv)
{
  (void)argv;
#ifndef pthread_create
  return ((int*)(&pthread_create))[argc];
#else
  (void)argc;
  return 0;
#endif
}

Determining if the function pthread_create exists in the pthreads failed with the following output:
Change Dir: /var/lib/cloud9/Robotics_Cape_Installer/catkin_ws/build/CMakeFiles/CMakeTmp

Run Build Command:"/usr/bin/make" "cmTC_8a0d7/fast"
/usr/bin/make -f CMakeFiles/cmTC_8a0d7.dir/build.make CMakeFiles/cmTC_8a0d7.dir/build
make[1]: Entering directory '/var/lib/cloud9/Robotics_Cape_Installer/catkin_ws/build/CMakeFiles/CMakeTmp'
Building C object CMakeFiles/cmTC_8a0d7.dir/CheckFunctionExists.c.o
/usr/bin/cc    -DCHECK_FUNCTION_EXISTS=pthread_create   -o CMakeFiles/cmTC_8a0d7.dir/CheckFunctionExists.c.o   -c /usr/share/cmake-3.5/Modules/CheckFunctionExists.c
Linking C executable cmTC_8a0d7
/usr/bin/cmake -E cmake_link_script CMakeFiles/cmTC_8a0d7.dir/link.txt --verbose=1
/usr/bin/cc   -DCHECK_FUNCTION_EXISTS=pthread_create    CMakeFiles/cmTC_8a0d7.dir/CheckFunctionExists.c.o  -o cmTC_8a0d7 -rdynamic -lpthreads 
/usr/bin/ld: cannot find -lpthreads
collect2: error: ld returned 1 exit status
CMakeFiles/cmTC_8a0d7.dir/build.make:97: recipe for target 'cmTC_8a0d7' failed
make[1]: *** [cmTC_8a0d7] Error 1
make[1]: Leaving directory '/var/lib/cloud9/Robotics_Cape_Installer/catkin_ws/build/CMakeFiles/CMakeTmp'
Makefile:126: recipe for target 'cmTC_8a0d7/fast' failed
make: *** [cmTC_8a0d7/fast] Error 2


